\BOOKMARK [1][-]{section.1}{Introduction}{}% 1
\BOOKMARK [1][-]{section.2}{Generalized Disjunctive Programming}{}% 2
\BOOKMARK [2][-]{subsection.2.1}{Model}{section.2}% 3
\BOOKMARK [2][-]{subsection.2.2}{Solution Technique: Reformulation to Mixed-Integer Program}{section.2}% 4
\BOOKMARK [3][-]{subsubsection.2.2.1}{Big-M Reformulation}{subsection.2.2}% 5
\BOOKMARK [3][-]{subsubsection.2.2.2}{Hull Reformulation}{subsection.2.2}% 6
\BOOKMARK [2][-]{subsection.2.3}{Logic constraint reformulation}{section.2}% 7
\BOOKMARK [3][-]{subsubsection.2.3.1}{Propositional Logic}{subsection.2.3}% 8
\BOOKMARK [3][-]{subsubsection.2.3.2}{Constraint Programming}{subsection.2.3}% 9
\BOOKMARK [2][-]{subsection.2.4}{Other Solution Techniques}{section.2}% 10
\BOOKMARK [3][-]{subsubsection.2.4.1}{Disjunctive branch and bound}{subsection.2.4}% 11
\BOOKMARK [3][-]{subsubsection.2.4.2}{Logic-based outer approximation}{subsection.2.4}% 12
\BOOKMARK [3][-]{subsubsection.2.4.3}{Hybrid cutting planes}{subsection.2.4}% 13
\BOOKMARK [1][-]{section.3}{DisjunctiveProgramming.jl}{}% 14
\BOOKMARK [2][-]{subsection.3.1}{Features}{section.3}% 15
\BOOKMARK [2][-]{subsection.3.2}{Example}{section.3}% 16
\BOOKMARK [1][-]{section.4}{Future Work}{}% 17
\BOOKMARK [1][-]{section.5}{Related Work}{}% 18
\BOOKMARK [1][-]{section.6}{Conclusion}{}% 19
\BOOKMARK [1][-]{section.7}{References}{}% 20
